13:47:21 **** Incremental Build of configuration Debug for project Final_Project_Back ****
make all 
Building file: ../src/i2c.c
Invoking: AVR Compiler
avr-gcc -Wall -g2 -gstabs -O0 -fpack-struct -fshort-enums -ffunction-sections -fdata-sections -std=gnu99 -funsigned-char -funsigned-bitfields -mmcu=atmega16 -DF_CPU=8000000UL -MMD -MP -MF"src/i2c.d" -MT"src/i2c.o" -c -o "src/i2c.o" "../src/i2c.c"
In file included from ../src/i2c.c:1:
../src/i2c.h:65: error: expected ')' before 'data'
../src/i2c.h:66: error: expected '=', ',', ';', 'asm' or '__attribute__' before 'I2C_readByteWithACK'
../src/i2c.h:67: error: expected '=', ',', ';', 'asm' or '__attribute__' before 'I2C_readByteWithNACK'
../src/i2c.h:68: error: expected '=', ',', ';', 'asm' or '__attribute__' before 'I2C_getStatus'
make: *** [src/i2c.o] Error 1
"make all" terminated with exit code 2. Build might be incomplete.
13:47:50 **** Incremental Build of configuration Debug for project Final_Project_Back ****
make all 
Building file: ../src/i2c.c
Invoking: AVR Compiler
avr-gcc -Wall -g2 -gstabs -O0 -fpack-struct -fshort-enums -ffunction-sections -fdata-sections -std=gnu99 -funsigned-char -funsigned-bitfields -mmcu=atmega16 -DF_CPU=8000000UL -MMD -MP -MF"src/i2c.d" -MT"src/i2c.o" -c -o "src/i2c.o" "../src/i2c.c"
Finished building: ../src/i2c.c
 
Building file: ../src/lcd.c
Invoking: AVR Compiler
avr-gcc -Wall -g2 -gstabs -O0 -fpack-struct -fshort-enums -ffunction-sections -fdata-sections -std=gnu99 -funsigned-char -funsigned-bitfields -mmcu=atmega16 -DF_CPU=8000000UL -MMD -MP -MF"src/lcd.d" -MT"src/lcd.o" -c -o "src/lcd.o" "../src/lcd.c"
In file included from ../src/lcd.c:13:
c:/winavr-20100110/lib/gcc/../../avr/include/util/delay.h:90:3: warning: #warning "Compiler optimizations disabled; functions from <util/delay.h> won't work as designed"
../src/lcd.c: In function 'LCD_integerToString':
../src/lcd.c:101: warning: implicit declaration of function 'itoa'
Finished building: ../src/lcd.c
 
Building file: ../src/lm35_sensor.c
Invoking: AVR Compiler
avr-gcc -Wall -g2 -gstabs -O0 -fpack-struct -fshort-enums -ffunction-sections -fdata-sections -std=gnu99 -funsigned-char -funsigned-bitfields -mmcu=atmega16 -DF_CPU=8000000UL -MMD -MP -MF"src/lm35_sensor.d" -MT"src/lm35_sensor.o" -c -o "src/lm35_sensor.o" "../src/lm35_sensor.c"
Finished building: ../src/lm35_sensor.c
 
Building file: ../src/main.c
Invoking: AVR Compiler
avr-gcc -Wall -g2 -gstabs -O0 -fpack-struct -fshort-enums -ffunction-sections -fdata-sections -std=gnu99 -funsigned-char -funsigned-bitfields -mmcu=atmega16 -DF_CPU=8000000UL -MMD -MP -MF"src/main.d" -MT"src/main.o" -c -o "src/main.o" "../src/main.c"
Finished building: ../src/main.c
 
Building file: ../src/pwm.c
Invoking: AVR Compiler
avr-gcc -Wall -g2 -gstabs -O0 -fpack-struct -fshort-enums -ffunction-sections -fdata-sections -std=gnu99 -funsigned-char -funsigned-bitfields -mmcu=atmega16 -DF_CPU=8000000UL -MMD -MP -MF"src/pwm.d" -MT"src/pwm.o" -c -o "src/pwm.o" "../src/pwm.c"
Finished building: ../src/pwm.c
 
Building file: ../src/uart.c
Invoking: AVR Compiler
avr-gcc -Wall -g2 -gstabs -O0 -fpack-struct -fshort-enums -ffunction-sections -fdata-sections -std=gnu99 -funsigned-char -funsigned-bitfields -mmcu=atmega16 -DF_CPU=8000000UL -MMD -MP -MF"src/uart.d" -MT"src/uart.o" -c -o "src/uart.o" "../src/uart.c"
Finished building: ../src/uart.c
 
Building target: Final_Project_Back.elf
Invoking: AVR C Linker
avr-gcc -Wl,-Map,Final_Project_Back.map -mmcu=atmega16 -o "Final_Project_Back.elf"  ./src/adc.o ./src/dc_motor.o ./src/gpio.o ./src/i2c.o ./src/lcd.o ./src/lm35_sensor.o ./src/main.o ./src/pwm.o ./src/uart.o   
c:/winavr-20100110/bin/../lib/gcc/avr/4.3.3/../../../../avr/lib/avr5/crtm16.o:(.init9+0x0): undefined reference to `main'
make: *** [Final_Project_Back.elf] Error 1
"make all" terminated with exit code 2. Build might be incomplete.
13:47:52 **** Incremental Build of configuration Debug for project Final_Project_Front ****
make all 
Building target: Final_Project_Front.elf
Invoking: AVR C Linker
avr-gcc -Wl,-Map,Final_Project_Front.map -mmcu=atmega16 -o "Final_Project_Front.elf"  ./src/adc.o ./src/dc_motor.o ./src/gpio.o ./src/i2c.o ./src/lcd.o ./src/lm35_sensor.o ./src/pwm.o ./src/uart.o   
c:/winavr-20100110/bin/../lib/gcc/avr/4.3.3/../../../../avr/lib/avr5/crtm16.o:(.init9+0x0): undefined reference to `main'
make: *** [Final_Project_Front.elf] Error 1
"make all" terminated with exit code 2. Build might be incomplete.
17:58:25 **** Incremental Build of configuration Debug for project Final_Project_Back ****
make all 
Building file: ../src/uart.c
Invoking: AVR Compiler
avr-gcc -Wall -g2 -gstabs -O0 -fpack-struct -fshort-enums -ffunction-sections -fdata-sections -std=gnu99 -funsigned-char -funsigned-bitfields -mmcu=atmega16 -DF_CPU=8000000UL -MMD -MP -MF"src/uart.d" -MT"src/uart.o" -c -o "src/uart.o" "../src/uart.c"
In file included from ../src/uart.c:13:
../src/uart.h:41: error: conflicting types for 'UART_UCSRB_TXCIE'
../src/uart.h:37: error: previous declaration of 'UART_UCSRB_TXCIE' was here
../src/uart.h:73: warning: useless storage class specifier in empty declaration
../src/uart.c:28: error: conflicting types for 'UART_init'
../src/uart.h:106: error: previous declaration of 'UART_init' was here
../src/uart.c: In function 'UART_init':
../src/uart.c:33: error: invalid type argument of '->' (have 'UART_configType')
../src/uart.c:33: error: invalid type argument of '->' (have 'UART_configType')
../src/uart.c:44: error: invalid type argument of '->' (have 'UART_configType')
../src/uart.c:44: error: invalid type argument of '->' (have 'UART_configType')
../src/uart.c:44: error: invalid type argument of '->' (have 'UART_configType')
../src/uart.c:44: error: invalid type argument of '->' (have 'UART_configType')
../src/uart.c:44: error: invalid type argument of '->' (have 'UART_configType')
../src/uart.c:54: error: invalid type argument of '->' (have 'UART_configType')
../src/uart.c:54: error: invalid type argument of '->' (have 'UART_configType')
../src/uart.c:54: error: invalid type argument of '->' (have 'UART_configType')
../src/uart.c:54: error: invalid type argument of '->' (have 'UART_configType')
../src/uart.c:54: error: invalid type argument of '->' (have 'UART_configType')
../src/uart.c:57: error: invalid type argument of '->' (have 'UART_configType')
make: *** [src/uart.o] Error 1
"make all" terminated with exit code 2. Build might be incomplete.
17:58:26 **** Incremental Build of configuration Debug for project Final_Project_Front ****
make all 
Building file: ../src/adc.c
Invoking: AVR Compiler
avr-gcc -Wall -g2 -gstabs -O0 -fpack-struct -fshort-enums -ffunction-sections -fdata-sections -std=gnu99 -funsigned-char -funsigned-bitfields -mmcu=atmega16 -DF_CPU=8000000UL -MMD -MP -MF"src/adc.d" -MT"src/adc.o" -c -o "src/adc.o" "../src/adc.c"
Finished building: ../src/adc.c
 
Building file: ../src/dc_motor.c
Invoking: AVR Compiler
avr-gcc -Wall -g2 -gstabs -O0 -fpack-struct -fshort-enums -ffunction-sections -fdata-sections -std=gnu99 -funsigned-char -funsigned-bitfields -mmcu=atmega16 -DF_CPU=8000000UL -MMD -MP -MF"src/dc_motor.d" -MT"src/dc_motor.o" -c -o "src/dc_motor.o" "../src/dc_motor.c"
Finished building: ../src/dc_motor.c
 
Building file: ../src/gpio.c
Invoking: AVR Compiler
avr-gcc -Wall -g2 -gstabs -O0 -fpack-struct -fshort-enums -ffunction-sections -fdata-sections -std=gnu99 -funsigned-char -funsigned-bitfields -mmcu=atmega16 -DF_CPU=8000000UL -MMD -MP -MF"src/gpio.d" -MT"src/gpio.o" -c -o "src/gpio.o" "../src/gpio.c"
Finished building: ../src/gpio.c
 
Building file: ../src/i2c.c
Invoking: AVR Compiler
avr-gcc -Wall -g2 -gstabs -O0 -fpack-struct -fshort-enums -ffunction-sections -fdata-sections -std=gnu99 -funsigned-char -funsigned-bitfields -mmcu=atmega16 -DF_CPU=8000000UL -MMD -MP -MF"src/i2c.d" -MT"src/i2c.o" -c -o "src/i2c.o" "../src/i2c.c"
Finished building: ../src/i2c.c
 
Building file: ../src/keypad.c
Invoking: AVR Compiler
avr-gcc -Wall -g2 -gstabs -O0 -fpack-struct -fshort-enums -ffunction-sections -fdata-sections -std=gnu99 -funsigned-char -funsigned-bitfields -mmcu=atmega16 -DF_CPU=8000000UL -MMD -MP -MF"src/keypad.d" -MT"src/keypad.o" -c -o "src/keypad.o" "../src/keypad.c"
Finished building: ../src/keypad.c
 
Building file: ../src/lcd.c
Invoking: AVR Compiler
avr-gcc -Wall -g2 -gstabs -O0 -fpack-struct -fshort-enums -ffunction-sections -fdata-sections -std=gnu99 -funsigned-char -funsigned-bitfields -mmcu=atmega16 -DF_CPU=8000000UL -MMD -MP -MF"src/lcd.d" -MT"src/lcd.o" -c -o "src/lcd.o" "../src/lcd.c"
In file included from ../src/lcd.c:13:
c:/winavr-20100110/lib/gcc/../../avr/include/util/delay.h:90:3: warning: #warning "Compiler optimizations disabled; functions from <util/delay.h> won't work as designed"
../src/lcd.c: In function 'LCD_integerToString':
../src/lcd.c:101: warning: implicit declaration of function 'itoa'
Finished building: ../src/lcd.c
 
Building file: ../src/lm35_sensor.c
Invoking: AVR Compiler
avr-gcc -Wall -g2 -gstabs -O0 -fpack-struct -fshort-enums -ffunction-sections -fdata-sections -std=gnu99 -funsigned-char -funsigned-bitfields -mmcu=atmega16 -DF_CPU=8000000UL -MMD -MP -MF"src/lm35_sensor.d" -MT"src/lm35_sensor.o" -c -o "src/lm35_sensor.o" "../src/lm35_sensor.c"
Finished building: ../src/lm35_sensor.c
 
Building file: ../src/pwm.c
Invoking: AVR Compiler
avr-gcc -Wall -g2 -gstabs -O0 -fpack-struct -fshort-enums -ffunction-sections -fdata-sections -std=gnu99 -funsigned-char -funsigned-bitfields -mmcu=atmega16 -DF_CPU=8000000UL -MMD -MP -MF"src/pwm.d" -MT"src/pwm.o" -c -o "src/pwm.o" "../src/pwm.c"
Finished building: ../src/pwm.c
 
Building file: ../src/uart.c
Invoking: AVR Compiler
avr-gcc -Wall -g2 -gstabs -O0 -fpack-struct -fshort-enums -ffunction-sections -fdata-sections -std=gnu99 -funsigned-char -funsigned-bitfields -mmcu=atmega16 -DF_CPU=8000000UL -MMD -MP -MF"src/uart.d" -MT"src/uart.o" -c -o "src/uart.o" "../src/uart.c"
Finished building: ../src/uart.c
 
Building target: Final_Project_Front.elf
Invoking: AVR C Linker
avr-gcc -Wl,-Map,Final_Project_Front.map -mmcu=atmega16 -o "Final_Project_Front.elf"  ./src/adc.o ./src/dc_motor.o ./src/gpio.o ./src/i2c.o ./src/keypad.o ./src/lcd.o ./src/lm35_sensor.o ./src/pwm.o ./src/uart.o   
c:/winavr-20100110/bin/../lib/gcc/avr/4.3.3/../../../../avr/lib/avr5/crtm16.o:(.init9+0x0): undefined reference to `main'
make: *** [Final_Project_Front.elf] Error 1
"make all" terminated with exit code 2. Build might be incomplete.
